<?xml version="1.0" encoding="UTF-8"?>
<!-- Generated by org.testng.reporters.JUnitReportReporter -->
<testsuite hostname="CSKVW" failures="0" tests="1" name="com.testCases.T002_Login" time="10.350" errors="0" timestamp="2022-02-09T01:46:34 IST" skipped="0">
  <testcase classname="com.testCases.T002_Login" name="login_Test" time="10.350"/>
  <system-out/>
</testsuite> <!-- com.testCases.T002_Login -->
