<?xml version="1.0" encoding="UTF-8"?>
<!-- Generated by org.testng.reporters.JUnitReportReporter -->
<testsuite hostname="CSKVW" failures="0" tests="3" name="testnglisteners.LoginTest" time="0.006" errors="0" timestamp="2022-03-17T18:04:07 IST" skipped="0">
  <testcase classname="testnglisteners.LoginTest" name="setup" time="0.001"/>
  <system-out/>
  <testcase classname="testnglisteners.LoginTest" name="loginByEmail" time="0.005"/>
  <system-out/>
  <testcase classname="testnglisteners.LoginTest" name="loginByFacebook" time="0.000"/>
  <system-out/>
</testsuite> <!-- testnglisteners.LoginTest -->
