<?xml version="1.0" encoding="UTF-8"?>
<!-- Generated by org.testng.reporters.JUnitReportReporter -->
<testsuite hostname="CSKVW" failures="0" tests="1" name="com.testCases.T001_Login_Test" time="11.948" errors="0" timestamp="2022-02-15T23:12:30 IST" skipped="0">
  <testcase classname="com.testCases.T001_Login_Test" name="login_Test" time="11.948"/>
  <system-out/>
</testsuite> <!-- com.testCases.T001_Login_Test -->
