<?xml version="1.0" encoding="UTF-8"?>
<!-- Generated by org.testng.reporters.JUnitReportReporter -->
<testsuite hostname="CSKVW" failures="0" tests="1" name="testnglisteners.LoginTest" time="0.006" errors="0" timestamp="2022-02-01T11:33:30 IST" skipped="0">
  <testcase classname="testnglisteners.LoginTest" name="setup" time="0.006"/>
  <system-out/>
</testsuite> <!-- testnglisteners.LoginTest -->
